[2019-04-26 20:27:11,702][task_id:用户][common_interface.py:14][INFO][zmj注册为管理员账号]
[2019-04-26 20:27:16,286][task_id:用户][common_interface.py:36][INFO][管理员zmj登录账号]
[2019-04-26 20:34:24,921][task_id:用户][common_interface.py:36][INFO][管理员zmj登录账号]
[2019-04-26 21:08:01,440][task_id:用户][common_interface.py:36][INFO][管理员zmj登录账号]
[2019-04-26 21:08:18,631][task_id:管理员][admin_interface.py:24][INFO][zmj管理员注册egon老师]
[2019-04-26 21:09:27,575][task_id:用户][common_interface.py:36][INFO][管理员zmj登录账号]
[2019-04-26 21:35:31,953][task_id:用户][common_interface.py:38][INFO][管理员zmj登录账号]
[2019-04-26 21:40:04,327][task_id:用户][common_interface.py:38][INFO][管理员zmj登录账号]
[2019-04-26 21:40:39,578][task_id:管理员][admin_interface.py:12][INFO][zmj管理员注册老男孩-上海学校]
[2019-04-26 21:41:21,187][task_id:管理员][admin_interface.py:12][INFO][zmj管理员注册老男孩-北京学校]
[2019-04-26 21:43:25,123][task_id:用户][common_interface.py:38][INFO][管理员zmj登录账号]
[2019-04-26 21:43:42,035][task_id:管理员][admin_interface.py:40][INFO][zmj管理员注册python课程成功]
[2019-04-26 21:43:55,005][task_id:管理员][admin_interface.py:40][INFO][zmj管理员注册linux课程成功]
[2019-04-26 22:14:13,820][task_id:用户][common_interface.py:25][INFO][zuoai注册为学生账号]
[2019-04-26 22:14:20,716][task_id:用户][common_interface.py:49][INFO][学生zuoai登录账号]
[2019-04-26 22:14:28,408][task_id:学生][student_interface.py:12][INFO][zuoai同学选择老男孩-上海学校成功]
[2019-04-26 23:04:02,832][task_id:用户][common_interface.py:49][INFO][学生zuoai登录账号]
[2019-04-26 23:16:27,806][task_id:用户][common_interface.py:16][INFO][zmj注册为管理员账号]
[2019-04-26 23:16:35,794][task_id:用户][common_interface.py:38][INFO][管理员zmj登录账号]
[2019-04-26 23:17:10,063][task_id:管理员][admin_interface.py:12][INFO][zmj管理员注册老男孩-上海校区学校]
[2019-04-26 23:20:16,504][task_id:用户][common_interface.py:38][INFO][管理员zmj登录账号]
[2019-04-26 23:20:31,384][task_id:管理员][admin_interface.py:12][INFO][zmj管理员注册老男孩-北京学校]
[2019-04-26 23:21:06,911][task_id:管理员][admin_interface.py:24][INFO][zmj管理员注册egon老师]
[2019-04-26 23:21:19,239][task_id:管理员][admin_interface.py:40][INFO][zmj管理员注册python课程成功]
[2019-04-26 23:21:35,840][task_id:管理员][admin_interface.py:40][INFO][zmj管理员注册linux课程成功]
[2019-04-26 23:21:51,284][task_id:用户][common_interface.py:25][INFO][zuoai注册为学生账号]
[2019-04-26 23:21:58,542][task_id:用户][common_interface.py:49][INFO][学生zuoai登录账号]
[2019-04-26 23:22:03,580][task_id:学生][student_interface.py:14][INFO][zuoai同学选择老男孩-上海校区学校成功]
[2019-04-26 23:26:21,935][task_id:用户][common_interface.py:49][INFO][学生zuoai登录账号]
[2019-04-26 23:30:13,410][task_id:用户][common_interface.py:49][INFO][学生zuoai登录账号]
[2019-04-26 23:33:21,157][task_id:用户][common_interface.py:49][INFO][学生zuoai登录账号]
[2019-04-26 23:33:42,398][task_id:用户][common_interface.py:49][INFO][学生zuoai登录账号]
[2019-04-26 23:34:48,597][task_id:用户][common_interface.py:16][INFO][zmj注册为管理员账号]
[2019-04-26 23:34:52,351][task_id:用户][common_interface.py:38][INFO][管理员zmj登录账号]
[2019-04-26 23:35:11,692][task_id:管理员][admin_interface.py:12][INFO][zmj管理员注册老男孩-北京校区学校]
[2019-04-26 23:35:25,457][task_id:管理员][admin_interface.py:12][INFO][zmj管理员注册老男孩-上海校区学校]
[2019-04-26 23:35:41,314][task_id:管理员][admin_interface.py:24][INFO][zmj管理员注册egon老师]
[2019-04-26 23:35:51,100][task_id:管理员][admin_interface.py:40][INFO][zmj管理员注册python课程成功]
[2019-04-26 23:36:03,845][task_id:管理员][admin_interface.py:40][INFO][zmj管理员注册linux课程成功]
[2019-04-26 23:36:17,189][task_id:用户][common_interface.py:25][INFO][aa注册为学生账号]
[2019-04-26 23:36:20,922][task_id:用户][common_interface.py:49][INFO][学生aa登录账号]
[2019-04-26 23:36:25,338][task_id:学生][student_interface.py:14][INFO][aa同学选择老男孩-上海校区学校成功]
[2019-04-26 23:38:31,569][task_id:用户][common_interface.py:49][INFO][学生aa登录账号]
[2019-04-26 23:39:10,987][task_id:用户][common_interface.py:49][INFO][学生aa登录账号]
[2019-04-26 23:39:49,822][task_id:用户][common_interface.py:16][INFO][zmj注册为管理员账号]
[2019-04-26 23:39:53,115][task_id:用户][common_interface.py:38][INFO][管理员zmj登录账号]
[2019-04-26 23:40:09,470][task_id:管理员][admin_interface.py:12][INFO][zmj管理员注册老男孩-北京校区学校]
[2019-04-26 23:40:24,556][task_id:管理员][admin_interface.py:12][INFO][zmj管理员注册老男孩-上海校区学校]
[2019-04-26 23:40:31,537][task_id:管理员][admin_interface.py:24][INFO][zmj管理员注册egon老师]
[2019-04-26 23:40:39,597][task_id:管理员][admin_interface.py:40][INFO][zmj管理员注册python课程成功]
[2019-04-26 23:40:48,257][task_id:管理员][admin_interface.py:40][INFO][zmj管理员注册linux课程成功]
[2019-04-26 23:40:56,327][task_id:用户][common_interface.py:25][INFO][aa注册为学生账号]
[2019-04-26 23:41:00,448][task_id:用户][common_interface.py:49][INFO][学生aa登录账号]
[2019-04-26 23:41:07,113][task_id:学生][student_interface.py:14][INFO][aa同学选择老男孩-上海校区学校成功]
[2019-04-26 23:47:41,452][task_id:用户][common_interface.py:49][INFO][学生aa登录账号]
[2019-04-26 23:50:25,381][task_id:用户][common_interface.py:16][INFO][qwe注册为管理员账号]
[2019-04-26 23:50:30,719][task_id:用户][common_interface.py:38][INFO][管理员qwe登录账号]
[2019-04-26 23:50:46,506][task_id:管理员][admin_interface.py:12][INFO][qwe管理员注册olboy_sh学校]
[2019-04-26 23:51:05,120][task_id:管理员][admin_interface.py:24][INFO][qwe管理员注册lisi老师]
[2019-04-26 23:51:18,004][task_id:管理员][admin_interface.py:40][INFO][qwe管理员注册linux课程成功]
[2019-04-26 23:51:41,457][task_id:用户][common_interface.py:25][INFO][zhangsan注册为学生账号]
[2019-04-26 23:51:48,648][task_id:用户][common_interface.py:49][INFO][学生zhangsan登录账号]
[2019-04-26 23:51:53,996][task_id:学生][student_interface.py:14][INFO][zhangsan同学选择olboy_sh学校成功]
[2019-04-26 23:53:05,368][task_id:用户][common_interface.py:49][INFO][学生zhangsan登录账号]
[2019-04-26 23:57:05,665][task_id:用户][common_interface.py:49][INFO][学生zhangsan登录账号]
[2019-04-26 23:58:14,577][task_id:用户][common_interface.py:49][INFO][学生zhangsan登录账号]
[2019-04-27 00:01:39,464][task_id:用户][common_interface.py:49][INFO][学生zhangsan登录账号]
[2019-04-27 00:03:37,766][task_id:用户][common_interface.py:49][INFO][学生zhangsan登录账号]
[2019-04-27 00:04:44,301][task_id:用户][common_interface.py:49][INFO][学生zhangsan登录账号]
[2019-04-27 00:05:15,174][task_id:学生][student_interface.py:14][INFO][zhangsan同学选择olboy_sh学校成功]
[2019-04-27 00:05:27,976][task_id:学生][student_interface.py:14][INFO][zhangsan同学选择olboy_sh学校成功]
[2019-04-27 00:10:46,669][task_id:用户][common_interface.py:49][INFO][学生zhangsan登录账号]
[2019-04-27 00:10:51,973][task_id:学生][student_interface.py:14][INFO][zhangsan同学选择olboy_sh学校成功]
[2019-04-27 00:10:56,952][task_id:学生][student_interface.py:14][INFO][zhangsan同学选择olboy_sh学校成功]
[2019-04-27 00:12:49,399][task_id:用户][common_interface.py:49][INFO][学生zhangsan登录账号]
[2019-04-27 00:13:27,975][task_id:用户][common_interface.py:38][INFO][管理员qwe登录账号]
[2019-04-27 00:13:39,294][task_id:管理员][admin_interface.py:40][INFO][qwe管理员注册linux课程成功]
[2019-04-27 00:14:20,079][task_id:用户][common_interface.py:49][INFO][学生zhangsan登录账号]
[2019-04-27 00:20:39,294][task_id:用户][common_interface.py:38][INFO][管理员qwe登录账号]
[2019-04-27 00:20:55,675][task_id:管理员][admin_interface.py:43][INFO][qwe管理员注册python7课程成功]
[2019-04-27 00:21:19,243][task_id:用户][common_interface.py:49][INFO][学生zhangsan登录账号]
[2019-04-27 00:22:01,511][task_id:用户][common_interface.py:38][INFO][管理员qwe登录账号]
[2019-04-27 14:22:40,147][task_id:用户][common_interface.py:38][INFO][管理员qwe登录账号]
[2019-04-27 14:22:45,167][task_id:用户][common_interface.py:16][INFO][zmj注册为管理员账号]
[2019-04-27 14:23:05,118][task_id:管理员][admin_interface.py:12][INFO][qwe管理员注册老男孩-上海校区学校]
[2019-04-27 14:23:21,709][task_id:管理员][admin_interface.py:12][INFO][qwe管理员注册老男孩-北京校区学校]
[2019-04-27 14:23:33,413][task_id:管理员][admin_interface.py:24][INFO][qwe管理员注册egon老师]
[2019-04-27 14:23:51,992][task_id:管理员][admin_interface.py:43][INFO][qwe管理员注册python课程成功]
[2019-04-27 14:24:05,731][task_id:用户][common_interface.py:25][INFO][zmj注册为学生账号]
[2019-04-27 14:24:09,130][task_id:用户][common_interface.py:49][INFO][学生zmj登录账号]
[2019-04-27 14:24:13,536][task_id:学生][student_interface.py:14][INFO][zmj同学选择olboy_sh学校成功]
[2019-04-27 14:24:19,310][task_id:学生][student_interface.py:14][INFO][zmj同学选择老男孩-上海校区学校成功]
[2019-04-27 15:02:04,864][task_id:用户][common_interface.py:49][INFO][学生zmj登录账号]
[2019-04-27 15:03:55,965][task_id:用户][common_interface.py:25][INFO][zmj注册为学生账号]
[2019-04-27 15:03:59,646][task_id:用户][common_interface.py:49][INFO][学生zmj登录账号]
[2019-04-27 15:04:05,774][task_id:学生][student_interface.py:14][INFO][zmj同学选择老男孩-上海校区学校成功]
[2019-04-27 15:09:40,180][task_id:用户][common_interface.py:38][INFO][管理员zmj登录账号]
[2019-04-27 15:10:03,555][task_id:管理员][admin_interface.py:12][INFO][zmj管理员注册oldboy_sh学校]
[2019-04-27 15:10:21,893][task_id:管理员][admin_interface.py:24][INFO][zmj管理员注册egon老师]
[2019-04-27 15:10:30,945][task_id:管理员][admin_interface.py:43][INFO][zmj管理员注册python课程成功]
[2019-04-27 15:10:42,129][task_id:用户][common_interface.py:25][INFO][zmj注册为学生账号]
[2019-04-27 15:10:46,325][task_id:用户][common_interface.py:49][INFO][学生zmj登录账号]
[2019-04-27 15:10:52,864][task_id:学生][student_interface.py:14][INFO][zmj同学选择oldboy_sh学校成功]
[2019-04-27 16:11:13,101][task_id:用户][common_interface.py:60][INFO][老师egon登录账号]
[2019-04-27 16:14:36,883][task_id:用户][common_interface.py:38][INFO][管理员zmj登录账号]
[2019-04-27 16:14:53,346][task_id:管理员][admin_interface.py:12][INFO][zmj管理员注册老男孩-上海校区学校]
[2019-04-27 16:15:00,671][task_id:管理员][admin_interface.py:24][INFO][zmj管理员注册egon老师]
[2019-04-27 16:15:14,486][task_id:管理员][admin_interface.py:43][INFO][zmj管理员注册python7课程成功]
[2019-04-27 16:15:34,540][task_id:用户][common_interface.py:60][INFO][老师egon登录账号]
[2019-04-27 16:17:39,409][task_id:用户][common_interface.py:60][INFO][老师egon登录账号]
[2019-04-27 16:19:11,919][task_id:用户][common_interface.py:60][INFO][老师egon登录账号]
[2019-04-27 16:20:25,554][task_id:用户][common_interface.py:60][INFO][老师egon登录账号]
[2019-04-27 16:20:54,004][task_id:用户][common_interface.py:25][INFO][zmj注册为学生账号]
[2019-04-27 16:20:57,298][task_id:用户][common_interface.py:49][INFO][学生zmj登录账号]
[2019-04-27 16:21:00,364][task_id:学生][student_interface.py:14][INFO][zmj同学选择老男孩-上海校区学校成功]
[2019-04-27 16:21:48,655][task_id:用户][common_interface.py:49][INFO][学生zmj登录账号]
[2019-04-27 16:22:04,181][task_id:用户][common_interface.py:60][INFO][老师egon登录账号]
[2019-04-27 16:24:09,496][task_id:用户][common_interface.py:16][INFO][zmj注册为管理员账号]
[2019-04-27 16:24:12,938][task_id:用户][common_interface.py:38][INFO][管理员zmj登录账号]
[2019-04-27 16:24:44,747][task_id:管理员][admin_interface.py:12][INFO][zmj管理员注册老男孩-上海校区学校]
[2019-04-27 16:24:54,036][task_id:管理员][admin_interface.py:24][INFO][zmj管理员注册egon老师]
[2019-04-27 16:25:04,413][task_id:管理员][admin_interface.py:43][INFO][zmj管理员注册python7课程成功]
[2019-04-27 16:25:27,576][task_id:用户][common_interface.py:25][INFO][wh注册为学生账号]
[2019-04-27 16:25:33,275][task_id:用户][common_interface.py:49][INFO][学生wh登录账号]
[2019-04-27 16:25:36,675][task_id:学生][student_interface.py:14][INFO][wh同学选择老男孩-上海校区学校成功]
[2019-04-27 16:26:02,708][task_id:用户][common_interface.py:60][INFO][老师egon登录账号]
[2019-04-27 16:27:32,329][task_id:用户][common_interface.py:25][INFO][asd注册为学生账号]
[2019-04-27 16:27:51,613][task_id:用户][common_interface.py:49][INFO][学生asd登录账号]
[2019-04-27 16:29:42,223][task_id:用户][common_interface.py:16][INFO][zmj注册为管理员账号]
[2019-04-27 16:29:45,276][task_id:用户][common_interface.py:38][INFO][管理员zmj登录账号]
[2019-04-27 16:29:53,494][task_id:管理员][admin_interface.py:12][INFO][zmj管理员注册egon学校]
[2019-04-27 16:30:11,123][task_id:管理员][admin_interface.py:12][INFO][zmj管理员注册老男孩-上海校区学校]
[2019-04-27 16:31:56,684][task_id:用户][common_interface.py:38][INFO][管理员zmj登录账号]
[2019-04-27 16:32:06,031][task_id:管理员][admin_interface.py:24][INFO][zmj管理员注册egon老师]
[2019-04-27 16:32:15,597][task_id:管理员][admin_interface.py:43][INFO][zmj管理员注册python7课程成功]
[2019-04-27 16:32:24,337][task_id:用户][common_interface.py:25][INFO][wh注册为学生账号]
[2019-04-27 16:32:27,976][task_id:用户][common_interface.py:49][INFO][学生wh登录账号]
[2019-04-27 16:32:31,488][task_id:学生][student_interface.py:14][INFO][wh同学选择老男孩-上海校区学校成功]
[2019-04-27 16:32:53,268][task_id:用户][common_interface.py:60][INFO][老师egon登录账号]
